<?xml version="1.0" encoding="utf-8"?><testsuites name="pytest tests"><testsuite name="pytest" errors="0" failures="0" skipped="0" tests="24" time="15.204" timestamp="2026-02-02T15:40:09.489961+00:00" hostname="agent-env-7225411b-ea84-49b9-b6d4-32879e155aba"><testcase classname="backend.tests.test_novatech_full.TestAuthentication" name="test_admin1_login_success" time="0.716" /><testcase classname="backend.tests.test_novatech_full.TestAuthentication" name="test_admin2_login_success" time="1.025" /><testcase classname="backend.tests.test_novatech_full.TestAuthentication" name="test_login_invalid_credentials" time="0.471" /><testcase classname="backend.tests.test_novatech_full.TestAuthentication" name="test_auth_me_with_valid_token" time="1.244" /><testcase classname="backend.tests.test_novatech_full.TestHeroSlides" name="test_get_slides_public" time="0.836" /><testcase classname="backend.tests.test_novatech_full.TestHeroSlides" name="test_get_slides_all" time="1.520" /><testcase classname="backend.tests.test_novatech_full.TestHeroSlides" name="test_slides_have_localized_content" time="0.500" /><testcase classname="backend.tests.test_novatech_full.TestSiteSettings" name="test_get_settings_public" time="0.362" /><testcase classname="backend.tests.test_novatech_full.TestSiteSettings" name="test_settings_contact_structure" time="0.409" /><testcase classname="backend.tests.test_novatech_full.TestSiteSettings" name="test_settings_social_media_structure" time="0.476" /><testcase classname="backend.tests.test_novatech_full.TestCourses" name="test_get_courses_public" time="0.838" /><testcase classname="backend.tests.test_novatech_full.TestCourses" name="test_courses_have_required_fields" time="0.490" /><testcase classname="backend.tests.test_novatech_full.TestCourses" name="test_get_course_by_id" time="0.750" /><testcase classname="backend.tests.test_novatech_full.TestTestimonials" name="test_get_testimonials_public" time="0.467" /><testcase classname="backend.tests.test_novatech_full.TestTestimonials" name="test_testimonials_have_required_fields" time="0.502" /><testcase classname="backend.tests.test_novatech_full.TestTeachers" name="test_get_teachers_public" time="0.399" /><testcase classname="backend.tests.test_novatech_full.TestTeachers" name="test_teachers_have_required_fields" time="0.434" /><testcase classname="backend.tests.test_novatech_full.TestCTASections" name="test_get_cta_sections_public" time="0.461" /><testcase classname="backend.tests.test_novatech_full.TestAnalytics" name="test_track_pageview" time="0.370" /><testcase classname="backend.tests.test_novatech_full.TestAnalytics" name="test_get_analytics_summary_requires_auth" time="0.511" /><testcase classname="backend.tests.test_novatech_full.TestSeedEndpoint" name="test_seed_endpoint" time="0.417" /><testcase classname="backend.tests.test_novatech_full.TestSubmissions" name="test_submit_contact_form" time="0.389" /><testcase classname="backend.tests.test_novatech_full.TestSubmissions" name="test_get_submissions_requires_auth" time="0.473" /><testcase classname="backend.tests.test_novatech_full.TestSubmissions" name="test_get_submissions_with_auth" time="1.057" /></testsuite></testsuites>